<?xml version="1.0" encoding="UTF-8"?>
<!-- Generated by org.testng.reporters.JUnitReportReporter -->
<testsuite hostname="Karim" failures="0" tests="3" name="com.qa.testcases.TC_LoginTest_003" time="12.880" errors="0" timestamp="2024-09-12T08:26:46 IST" skipped="0">
  <testcase classname="com.qa.testcases.TC_LoginTest_003" name="test1" time="0.968"/>
  <testcase classname="com.qa.testcases.TC_LoginTest_003" name="test2" time="11.836"/>
  <testcase classname="com.qa.testcases.TC_LoginTest_003" name="test3" time="0.076"/>
</testsuite> <!-- com.qa.testcases.TC_LoginTest_003 -->
