<?xml version="1.0" encoding="UTF-8"?>
<!-- Generated by org.testng.reporters.JUnitReportReporter -->
<testsuite hostname="Karim" failures="0" tests="2" name="com.qa.testcases.TC_LinksVerification_004" time="5.077" errors="0" timestamp="2024-09-12T10:01:49 IST" skipped="0">
  <testcase classname="com.qa.testcases.TC_LinksVerification_004" name="Test1" time="3.609"/>
  <testcase classname="com.qa.testcases.TC_LinksVerification_004" name="Test2" time="1.468"/>
</testsuite> <!-- com.qa.testcases.TC_LinksVerification_004 -->
