<?xml version="1.0" encoding="UTF-8"?>
<!-- Generated by org.testng.reporters.JUnitReportReporter -->
<testsuite hostname="Karim" failures="0" tests="3" name="com.qa.testcases.TC_Registerpage_002" time="7.094" errors="0" timestamp="2024-09-12T07:23:46 IST" skipped="0">
  <testcase classname="com.qa.testcases.TC_Registerpage_002" name="test1" time="4.056"/>
  <testcase classname="com.qa.testcases.TC_Registerpage_002" name="test2" time="2.968"/>
  <testcase classname="com.qa.testcases.TC_Registerpage_002" name="testUserVerify" time="0.070"/>
</testsuite> <!-- com.qa.testcases.TC_Registerpage_002 -->
